--- Job Opgavesaet_4_1.gms Start 01/13/22 09:38:50 36.2.0 r433180e WEX-WEI x86 64bit/MS Windows
--- Applying:
    C:\GAMS\36\gmsprmNT.txt
--- GAMS Parameters defined
    Input C:\Users\45238\Desktop\OEM\Opgavesaet\Opgavesaet_4\Opgavesaet_4_1.gms
    PageSize 0
    ScrDir C:\Users\45238\Desktop\OEM\Opgavesaet\Opgavesaet_4\225a\
    SysDir C:\GAMS\36\
    LogOption 3
    ErrMsg 1
    ErrorLog 99
    IDE 1
    LstTitleLeftAligned 1
Licensee: Course License                                 S210810|0002AO-GEN
          University of Copenhagen, Department of Economics         DCE1507
          C:\Users\45238\Documents\GAMS\gamslice.txt
          License Admin: Kim Petersen, kp@econ.ku.dk                       
          Course license for use within the course and related course work
Processor information: 1 socket(s), 4 core(s), and 8 thread(s) available
GAMS 36.2.0   Copyright (C) 1987-2021 GAMS Development. All rights reserved
--- Starting compilation
--- Opgavesaet_4_1.gms(63) 3 Mb
--- Starting execution: elapsed 0:00:00.006
--- Opgavesaet_4_1.gms(33) 4 Mb
--- Generating CNS model model1
--- Opgavesaet_4_1.gms(39) 6 Mb
---   50 rows  101 columns  150 non-zeroes
---   0 nl-code  0 nl-non-zeroes
--- Opgavesaet_4_1.gms(39) 4 Mb
--- Executing CONOPT (Solvelink=2): elapsed 0:00:00.010

CONOPT 3         36.2.0 r433180e Released Sep 03, 2021 WEI x86 64bit/MS Window

 
 
    C O N O P T 3   version 3.17K
    Copyright (C)   ARKI Consulting and Development A/S
                    Bagsvaerdvej 246 A
                    DK-2880 Bagsvaerd, Denmark
 
 
   Iter Phase Ninf   Infeasibility   RGmax    NSB   Step InItr MX OK
      0   0        4.2400000000E+03 (Input point)
 
                   Pre-triangular equations:   50
                   Post-triangular equations:  0
 
      1   0        0.0000000000E+00 (After pre-processing)
      2   0        0.0000000000E+00 (After scaling)
      2            0.0000000000E+00
 
 ** Feasible solution to a square system.
 
--- Reading solution for model model1
--- Executing after solve: elapsed 0:00:00.081
--- Opgavesaet_4_1.gms(46) 4 Mb
--- Generating CNS model model1
--- Opgavesaet_4_1.gms(49) 6 Mb
---   50 rows  101 columns  150 non-zeroes
---   0 nl-code  0 nl-non-zeroes
--- Opgavesaet_4_1.gms(49) 4 Mb
--- Executing CONOPT (Solvelink=2): elapsed 0:00:00.085

CONOPT 3         36.2.0 r433180e Released Sep 03, 2021 WEI x86 64bit/MS Window

 
 
    C O N O P T 3   version 3.17K
    Copyright (C)   ARKI Consulting and Development A/S
                    Bagsvaerdvej 246 A
                    DK-2880 Bagsvaerd, Denmark
 
 
   Iter Phase Ninf   Infeasibility   RGmax    NSB   Step InItr MX OK
      0   0        8.4000000000E+02 (Input point)
 
                   Pre-triangular equations:   50
                   Post-triangular equations:  0
 
      1   0        0.0000000000E+00 (After pre-processing)
      2   0        0.0000000000E+00 (After scaling)
      2            0.0000000000E+00
 
 ** Feasible solution to a square system.
 
--- Reading solution for model model1
--- Executing after solve: elapsed 0:00:00.159
--- Opgavesaet_4_1.gms(58) 4 Mb
--- GDX File (execute_unload) C:\Users\45238\Desktop\OEM\Opgavesaet\Opgavesaet_4\solve_model1.gdx
--- Opgavesaet_4_1.gms(62) 4 Mb

GDXXRW           36.2.0 r433180e Released Sep 03, 2021 WEI x86 64bit/MS Window
Input file : C:\Users\45238\Desktop\OEM\Opgavesaet\Opgavesaet_4\solve_model1.gdx
Output file: C:\Users\45238\Desktop\OEM\Opgavesaet\Opgavesaet_4\solve_model1.xlsx
Total time = 907 Ms
--- Opgavesaet_4_1.gms(63) 4 Mb

GDXXRW           36.2.0 r433180e Released Sep 03, 2021 WEI x86 64bit/MS Window
Input file : C:\Users\45238\Desktop\OEM\Opgavesaet\Opgavesaet_4\solve_model1.gdx
Output file: C:\Users\45238\Desktop\OEM\Opgavesaet\Opgavesaet_4\solve_model1.xlsx
Total time = 937 Ms
*** Status: Normal completion
--- Job Opgavesaet_4_1.gms Stop 01/13/22 09:38:52 elapsed 0:00:02.095
